<?xml version="1.0" encoding="UTF-8"?>
<coverage generated="1634461561187" clover="3.2.0">
  <project timestamp="1634461561187" name="All files">
    <metrics statements="15" coveredstatements="12" conditionals="6" coveredconditionals="3" methods="5" coveredmethods="5" elements="26" coveredelements="20" complexity="0" loc="15" ncloc="15" packages="2" files="3" classes="3"/>
    <package name="actions">
      <metrics statements="6" coveredstatements="6" conditionals="0" coveredconditionals="0" methods="3" coveredmethods="3"/>
      <file name="actionCreators.ts" path="C:\Users\djose\Desktop\Programacion\Cart\MyCart\src\redux\actions\actionCreators.ts">
        <metrics statements="6" coveredstatements="6" conditionals="0" coveredconditionals="0" methods="3" coveredmethods="3"/>
        <line num="6" count="2" type="stmt"/>
        <line num="7" count="2" type="stmt"/>
        <line num="8" count="2" type="stmt"/>
        <line num="9" count="1" type="stmt"/>
        <line num="14" count="1" type="stmt"/>
        <line num="22" count="1" type="stmt"/>
      </file>
      <file name="actionTypes.ts" path="C:\Users\djose\Desktop\Programacion\Cart\MyCart\src\redux\actions\actionTypes.ts">
        <metrics statements="0" coveredstatements="0" conditionals="0" coveredconditionals="0" methods="0" coveredmethods="0"/>
      </file>
    </package>
    <package name="reducers">
      <metrics statements="9" coveredstatements="6" conditionals="6" coveredconditionals="3" methods="2" coveredmethods="2"/>
      <file name="cartReducer.ts" path="C:\Users\djose\Desktop\Programacion\Cart\MyCart\src\redux\reducers\cartReducer.ts">
        <metrics statements="9" coveredstatements="6" conditionals="6" coveredconditionals="3" methods="2" coveredmethods="2"/>
        <line num="4" count="2" type="cond" truecount="2" falsecount="1"/>
        <line num="6" count="1" type="stmt"/>
        <line num="9" count="1" type="stmt"/>
        <line num="11" count="1" type="cond" truecount="1" falsecount="1"/>
        <line num="12" count="0" type="stmt"/>
        <line num="14" count="0" type="stmt"/>
        <line num="16" count="1" type="stmt"/>
        <line num="17" count="1" type="stmt"/>
        <line num="20" count="0" type="stmt"/>
      </file>
    </package>
  </project>
</coverage>
