{"C:\\Users\\djose\\Desktop\\Programacion\\Cart\\MyCart\\src\\redux\\actions\\actionCreators.ts": {"path":"C:\\Users\\djose\\Desktop\\Programacion\\Cart\\MyCart\\src\\redux\\actions\\actionCreators.ts","statementMap":{"0":{"start":{"line":6,"column":4},"end":{"line":18,"column":5}},"1":{"start":{"line":7,"column":8},"end":{"line":17,"column":7}},"2":{"start":{"line":8,"column":23},"end":{"line":8,"column":77}},"3":{"start":{"line":9,"column":8},"end":{"line":12,"column":11}},"4":{"start":{"line":14,"column":8},"end":{"line":16,"column":11}},"5":{"start":{"line":22,"column":4},"end":{"line":25,"column":6}}},"fnMap":{"0":{"name":"loadCart","decl":{"start":{"line":5,"column":16},"end":{"line":5,"column":24}},"loc":{"start":{"line":5,"column":32},"end":{"line":19,"column":3}},"line":5},"1":{"name":"(anonymous_1)","decl":{"start":{"line":6,"column":11},"end":{"line":6,"column":12}},"loc":{"start":{"line":6,"column":41},"end":{"line":18,"column":5}},"line":6},"2":{"name":"deleteFromCart","decl":{"start":{"line":21,"column":18},"end":{"line":21,"column":32}},"loc":{"start":{"line":21,"column":49},"end":{"line":26,"column":3}},"line":21}},"branchMap":{},"s":{"0":2,"1":2,"2":2,"3":1,"4":1,"5":1},"f":{"0":2,"1":2,"2":1},"b":{},"_coverageSchema":"1a1c01bbd47fc00a2c39e90264f33305004495a9","hash":"425d1204079c61df8d4378faa36d5b8d9dd640cf"}
,"C:\\Users\\djose\\Desktop\\Programacion\\Cart\\MyCart\\src\\redux\\actions\\actionTypes.ts": {"path":"C:\\Users\\djose\\Desktop\\Programacion\\Cart\\MyCart\\src\\redux\\actions\\actionTypes.ts","statementMap":{},"fnMap":{},"branchMap":{},"s":{},"f":{},"b":{},"_coverageSchema":"1a1c01bbd47fc00a2c39e90264f33305004495a9","hash":"0a80c6d6072177b52798d7458e30a5ec6a39f054"}
,"C:\\Users\\djose\\Desktop\\Programacion\\Cart\\MyCart\\src\\redux\\reducers\\cartReducer.ts": {"path":"C:\\Users\\djose\\Desktop\\Programacion\\Cart\\MyCart\\src\\redux\\reducers\\cartReducer.ts","statementMap":{"0":{"start":{"line":4,"column":2},"end":{"line":21,"column":3}},"1":{"start":{"line":6,"column":6},"end":{"line":6,"column":25}},"2":{"start":{"line":9,"column":30},"end":{"line":9,"column":139}},"3":{"start":{"line":9,"column":101},"end":{"line":9,"column":138}},"4":{"start":{"line":11,"column":6},"end":{"line":15,"column":7}},"5":{"start":{"line":12,"column":8},"end":{"line":13,"column":95}},"6":{"start":{"line":14,"column":8},"end":{"line":14,"column":25}},"7":{"start":{"line":16,"column":6},"end":{"line":16,"column":128}},"8":{"start":{"line":17,"column":4},"end":{"line":17,"column":21}},"9":{"start":{"line":20,"column":6},"end":{"line":20,"column":18}}},"fnMap":{"0":{"name":"cartReducer","decl":{"start":{"line":3,"column":9},"end":{"line":3,"column":20}},"loc":{"start":{"line":3,"column":51},"end":{"line":22,"column":1}},"line":3},"1":{"name":"(anonymous_1)","decl":{"start":{"line":9,"column":86},"end":{"line":9,"column":87}},"loc":{"start":{"line":9,"column":101},"end":{"line":9,"column":138}},"line":9}},"branchMap":{"0":{"loc":{"start":{"line":3,"column":21},"end":{"line":3,"column":36}},"type":"default-arg","locations":[{"start":{"line":3,"column":34},"end":{"line":3,"column":36}}],"line":3},"1":{"loc":{"start":{"line":4,"column":2},"end":{"line":21,"column":3}},"type":"switch","locations":[{"start":{"line":5,"column":4},"end":{"line":6,"column":25}},{"start":{"line":8,"column":4},"end":{"line":17,"column":21}},{"start":{"line":19,"column":4},"end":{"line":20,"column":18}}],"line":4},"2":{"loc":{"start":{"line":11,"column":6},"end":{"line":15,"column":7}},"type":"if","locations":[{"start":{"line":11,"column":6},"end":{"line":15,"column":7}},{"start":{"line":11,"column":6},"end":{"line":15,"column":7}}],"line":11}},"s":{"0":2,"1":1,"2":1,"3":1,"4":1,"5":0,"6":0,"7":1,"8":1,"9":0},"f":{"0":2,"1":1},"b":{"0":[0],"1":[1,1,0],"2":[0,1]},"_coverageSchema":"1a1c01bbd47fc00a2c39e90264f33305004495a9","hash":"11da4a442a77f085e4db1e10d7a85da98047c307"}
}
