TN:
SF:src\redux\actions\actionCreators.ts
FN:9,loadCart
FN:10,(anonymous_1)
FN:25,deleteFromCart
FNF:3
FNH:3
FNDA:2,loadCart
FNDA:2,(anonymous_1)
FNDA:1,deleteFromCart
DA:10,2
DA:11,2
DA:12,2
DA:13,1
DA:18,1
DA:26,1
LF:6
LH:6
BRF:0
BRH:0
end_of_record
TN:
SF:src\redux\actions\actionTypes.ts
FNF:0
FNH:0
LF:0
LH:0
BRF:0
BRH:0
end_of_record
TN:
SF:src\redux\reducers\cartReducer.ts
FN:6,cartReducer
FN:12,(anonymous_1)
FNF:2
FNH:2
FNDA:2,cartReducer
FNDA:1,(anonymous_1)
DA:7,2
DA:9,1
DA:12,1
DA:14,1
DA:15,0
DA:17,0
DA:19,1
DA:20,1
DA:23,0
LF:9
LH:6
BRDA:6,0,0,0
BRDA:7,1,0,1
BRDA:7,1,1,1
BRDA:7,1,2,0
BRDA:14,2,0,0
BRDA:14,2,1,1
BRF:6
BRH:3
end_of_record
