TN:
SF:src\redux\actions\actionCreators.ts
FN:5,loadCart
FN:6,(anonymous_1)
FN:21,deleteFromCart
FNF:3
FNH:3
FNDA:2,loadCart
FNDA:2,(anonymous_1)
FNDA:1,deleteFromCart
DA:6,2
DA:7,2
DA:8,2
DA:9,1
DA:14,1
DA:22,1
LF:6
LH:6
BRF:0
BRH:0
end_of_record
TN:
SF:src\redux\actions\actionTypes.ts
FNF:0
FNH:0
LF:0
LH:0
BRF:0
BRH:0
end_of_record
TN:
SF:src\redux\reducers\cartReducer.ts
FN:3,cartReducer
FN:9,(anonymous_1)
FNF:2
FNH:2
FNDA:2,cartReducer
FNDA:1,(anonymous_1)
DA:4,2
DA:6,1
DA:9,1
DA:11,1
DA:12,0
DA:14,0
DA:16,1
DA:17,1
DA:20,0
LF:9
LH:6
BRDA:3,0,0,0
BRDA:4,1,0,1
BRDA:4,1,1,1
BRDA:4,1,2,0
BRDA:11,2,0,0
BRDA:11,2,1,1
BRF:6
BRH:3
end_of_record
